<?xml version="1.0" encoding="UTF-8"?>
<!-- Generated by org.testng.reporters.JUnitXMLReporter -->
<testsuite ignored="10" hostname="DESKTOP-T3UI095" failures="0" tests="5" name="Add Stock Test" time="214.175" errors="0" timestamp="2024-09-18T06:57:13 IST">
  <testcase classname="testcase_portfolio.ManageSessions" name="doLogin" time="84.51"/>
  <testcase classname="testcase_portfolio.ManagePortfolio" name="selectPortfolio" time="12.213"/>
  <testcase classname="testcase_portfolio.ManageStocks" name="addStockTest" time="50.216"/>
  <testcase classname="testcase_portfolio.ManageStocks" name="verifyStockIsPresent" time="30.301"/>
  <testcase classname="testcase_portfolio.ManageStocks" name="verifyTransactionHistory" time="32.926"/>
  <testcase classname="parenttest.ParentTest" name="@BeforeTest beforeTest" time="0.0">
    <ignored/>
  </testcase> <!-- @BeforeTest beforeTest -->
  <testcase classname="parenttest.ParentTest" name="@BeforeTest beforeTest" time="0.0">
    <ignored/>
  </testcase> <!-- @BeforeTest beforeTest -->
  <testcase classname="parenttest.ParentTest" name="@AfterTest afterTest" time="0.0">
    <ignored/>
  </testcase> <!-- @AfterTest afterTest -->
  <testcase classname="testcase_portfolio.ManageStocks" name="modifyStock" time="0.0">
    <ignored/>
  </testcase> <!-- modifyStock -->
  <testcase classname="testcase_portfolio.ManageStocks" name="verifyStockQuantity" time="0.0">
    <ignored/>
  </testcase> <!-- verifyStockQuantity -->
  <testcase classname="parenttest.ParentTest" name="@AfterTest afterTest" time="0.0">
    <ignored/>
  </testcase> <!-- @AfterTest afterTest -->
  <testcase classname="testcase_portfolio.ManagePortfolio" name="renamePortfolio" time="0.0">
    <ignored/>
  </testcase> <!-- renamePortfolio -->
  <testcase classname="testcase_portfolio.ManagePortfolio" name="createPortfolio" time="0.0">
    <ignored/>
  </testcase> <!-- createPortfolio -->
  <testcase classname="testcase_portfolio.ManageSessions" name="doLogout" time="0.0">
    <ignored/>
  </testcase> <!-- doLogout -->
  <testcase classname="testcase_portfolio.ManagePortfolio" name="deletePortfolio" time="0.0">
    <ignored/>
  </testcase> <!-- deletePortfolio -->
</testsuite> <!-- Add Stock Test -->
