<?xml version="1.0" encoding="UTF-8"?>
<!-- Generated by org.testng.reporters.JUnitXMLReporter -->
<testsuite ignored="9" hostname="DESKTOP-T3UI095" failures="0" tests="6" name="Modify Stock Test : Sell Stock" time="233.982" errors="0" timestamp="2024-09-18T07:01:07 IST">
  <testcase classname="testcase_portfolio.ManageSessions" name="doLogin" time="62.228"/>
  <testcase classname="testcase_portfolio.ManagePortfolio" name="selectPortfolio" time="8.396"/>
  <testcase classname="testcase_portfolio.ManageStocks" name="verifyStockIsPresent" time="30.391"/>
  <testcase classname="testcase_portfolio.ManageStocks" name="modifyStock" time="68.66"/>
  <testcase classname="testcase_portfolio.ManageStocks" name="verifyStockQuantity" time="30.435"/>
  <testcase classname="testcase_portfolio.ManageStocks" name="verifyTransactionHistory" time="32.842"/>
  <testcase classname="testcase_portfolio.ManagePortfolio" name="deletePortfolio" time="0.0">
    <ignored/>
  </testcase> <!-- deletePortfolio -->
  <testcase classname="parenttest.ParentTest" name="@AfterTest afterTest" time="0.0">
    <ignored/>
  </testcase> <!-- @AfterTest afterTest -->
  <testcase classname="parenttest.ParentTest" name="@BeforeTest beforeTest" time="0.0">
    <ignored/>
  </testcase> <!-- @BeforeTest beforeTest -->
  <testcase classname="testcase_portfolio.ManageSessions" name="doLogout" time="0.0">
    <ignored/>
  </testcase> <!-- doLogout -->
  <testcase classname="parenttest.ParentTest" name="@BeforeTest beforeTest" time="0.0">
    <ignored/>
  </testcase> <!-- @BeforeTest beforeTest -->
  <testcase classname="parenttest.ParentTest" name="@AfterTest afterTest" time="0.0">
    <ignored/>
  </testcase> <!-- @AfterTest afterTest -->
  <testcase classname="testcase_portfolio.ManageStocks" name="addStockTest" time="0.0">
    <ignored/>
  </testcase> <!-- addStockTest -->
  <testcase classname="testcase_portfolio.ManagePortfolio" name="createPortfolio" time="0.0">
    <ignored/>
  </testcase> <!-- createPortfolio -->
  <testcase classname="testcase_portfolio.ManagePortfolio" name="renamePortfolio" time="0.0">
    <ignored/>
  </testcase> <!-- renamePortfolio -->
</testsuite> <!-- Modify Stock Test : Sell Stock -->
