<?xml version="1.0" encoding="UTF-8"?>
<!-- Generated by org.testng.reporters.JUnitXMLReporter -->
<testsuite ignored="9" hostname="DESKTOP-T3UI095" failures="0" tests="6" name="Modify Stock Test : Add Stock" time="226.615" errors="0" timestamp="2024-09-18T07:04:54 IST">
  <testcase classname="testcase_portfolio.ManageSessions" name="doLogin" time="59.363"/>
  <testcase classname="testcase_portfolio.ManagePortfolio" name="selectPortfolio" time="3.858"/>
  <testcase classname="testcase_portfolio.ManageStocks" name="verifyStockIsPresent" time="30.348"/>
  <testcase classname="testcase_portfolio.ManageStocks" name="modifyStock" time="68.705"/>
  <testcase classname="testcase_portfolio.ManageStocks" name="verifyStockQuantity" time="30.303"/>
  <testcase classname="testcase_portfolio.ManageStocks" name="verifyTransactionHistory" time="32.95"/>
  <testcase classname="parenttest.ParentTest" name="@BeforeTest beforeTest" time="0.0">
    <ignored/>
  </testcase> <!-- @BeforeTest beforeTest -->
  <testcase classname="testcase_portfolio.ManagePortfolio" name="createPortfolio" time="0.0">
    <ignored/>
  </testcase> <!-- createPortfolio -->
  <testcase classname="testcase_portfolio.ManagePortfolio" name="renamePortfolio" time="0.0">
    <ignored/>
  </testcase> <!-- renamePortfolio -->
  <testcase classname="testcase_portfolio.ManageStocks" name="addStockTest" time="0.0">
    <ignored/>
  </testcase> <!-- addStockTest -->
  <testcase classname="parenttest.ParentTest" name="@AfterTest afterTest" time="0.0">
    <ignored/>
  </testcase> <!-- @AfterTest afterTest -->
  <testcase classname="testcase_portfolio.ManagePortfolio" name="deletePortfolio" time="0.0">
    <ignored/>
  </testcase> <!-- deletePortfolio -->
  <testcase classname="parenttest.ParentTest" name="@BeforeTest beforeTest" time="0.0">
    <ignored/>
  </testcase> <!-- @BeforeTest beforeTest -->
  <testcase classname="parenttest.ParentTest" name="@AfterTest afterTest" time="0.0">
    <ignored/>
  </testcase> <!-- @AfterTest afterTest -->
  <testcase classname="testcase_portfolio.ManageSessions" name="doLogout" time="0.0">
    <ignored/>
  </testcase> <!-- doLogout -->
</testsuite> <!-- Modify Stock Test : Add Stock -->
